2026-02-03 00:44:22 - INFO - Логирование в файл: C:\Dev\Parsing_Steam_Log\steam_monitor.log
2026-02-03 00:44:22 - INFO - Найден Steam в: c:\steam
2026-02-03 00:44:22 - INFO - 
Запуск мониторинга загрузок Steam
2026-02-03 00:44:22 - INFO - Лог-файл: c:\steam\logs\content_log.txt
2026-02-03 00:44:22 - INFO - Длительность: 5 минут
2026-02-03 00:44:22 - INFO - Интервал: 5 секунд
2026-02-03 00:44:22 - INFO - Папка Steam: c:\steam
2026-02-03 00:44:22 - INFO - 
================================================================================
2026-02-03 00:44:22 - INFO - Проверка 1/5 - 00:44:22
2026-02-03 00:44:22 - INFO - ================================================================================
2026-02-03 00:44:22 - INFO - Игра: PAYDAY 2
2026-02-03 00:44:22 - INFO - AppID: 218620
2026-02-03 00:44:22 - INFO - Статус: загружается
2026-02-03 00:44:22 - INFO - Скорость: 192.21 Mbps
2026-02-03 00:44:22 - INFO - Прогресс: 0.0%
2026-02-03 00:44:22 - INFO - Загружено: 0 B / 36.20 GB
2026-02-03 00:44:22 - INFO - Состояние: загружается
2026-02-03 00:44:22 - WARNING - 
Следующая проверка через 5 секунд...
2026-02-03 00:44:22 - WARNING -  Осталось: 5 сек
2026-02-03 00:44:27 - INFO - 
================================================================================
2026-02-03 00:44:27 - INFO - Проверка 2/5 - 00:44:27
2026-02-03 00:44:27 - INFO - ================================================================================
2026-02-03 00:44:27 - INFO - Игра: PAYDAY 2
2026-02-03 00:44:27 - INFO - AppID: 218620
2026-02-03 00:44:27 - INFO - Статус: загружается
2026-02-03 00:44:27 - INFO - Скорость: 192.21 Mbps
2026-02-03 00:44:27 - INFO - Прогресс: 0.0%
2026-02-03 00:44:27 - INFO - Загружено: 0 B / 36.20 GB
2026-02-03 00:44:27 - INFO - Состояние: загружается
2026-02-03 00:44:27 - WARNING - 
Следующая проверка через 5 секунд...
2026-02-03 00:44:27 - WARNING -  Осталось: 5 сек
2026-02-03 00:44:32 - INFO - 
================================================================================
2026-02-03 00:44:32 - INFO - Проверка 3/5 - 00:44:32
2026-02-03 00:44:32 - INFO - ================================================================================
2026-02-03 00:44:32 - INFO - Игра: PAYDAY 2
2026-02-03 00:44:32 - INFO - AppID: 218620
2026-02-03 00:44:32 - INFO - Статус: загружается
2026-02-03 00:44:32 - INFO - Скорость: 192.21 Mbps
2026-02-03 00:44:32 - INFO - Прогресс: 0.0%
2026-02-03 00:44:32 - INFO - Загружено: 0 B / 36.20 GB
2026-02-03 00:44:32 - INFO - Состояние: загружается
2026-02-03 00:44:32 - WARNING - 
Следующая проверка через 5 секунд...
2026-02-03 00:44:32 - WARNING -  Осталось: 5 сек
2026-02-03 00:44:37 - INFO - 
================================================================================
2026-02-03 00:44:37 - INFO - Проверка 4/5 - 00:44:37
2026-02-03 00:44:37 - INFO - ================================================================================
2026-02-03 00:44:37 - INFO - Игра: PAYDAY 2
2026-02-03 00:44:37 - INFO - AppID: 218620
2026-02-03 00:44:37 - INFO - Статус: загружается
2026-02-03 00:44:37 - INFO - Скорость: 192.21 Mbps
2026-02-03 00:44:37 - INFO - Прогресс: 0.0%
2026-02-03 00:44:37 - INFO - Загружено: 0 B / 36.20 GB
2026-02-03 00:44:37 - INFO - Состояние: загружается
2026-02-03 00:44:37 - WARNING - 
Следующая проверка через 5 секунд...
2026-02-03 00:44:37 - WARNING -  Осталось: 5 сек
2026-02-03 00:44:42 - INFO - 
================================================================================
2026-02-03 00:44:42 - INFO - Проверка 5/5 - 00:44:42
2026-02-03 00:44:42 - INFO - ================================================================================
2026-02-03 00:44:42 - INFO - Игра: PAYDAY 2
2026-02-03 00:44:42 - INFO - AppID: 218620
2026-02-03 00:44:42 - INFO - Статус: загружается
2026-02-03 00:44:42 - INFO - Скорость: 192.21 Mbps
2026-02-03 00:44:42 - INFO - Прогресс: 0.0%
2026-02-03 00:44:42 - INFO - Загружено: 0 B / 36.20 GB
2026-02-03 00:44:42 - INFO - Состояние: загружается
2026-02-03 00:44:42 - INFO - 
================================================================================
2026-02-03 00:44:42 - INFO - Мониторинг завершен
